<?xml version="1.0" encoding="UTF-8"?>
<testng-results ignored="0" total="1" passed="1" failed="0" skipped="0">
  <reporter-output>
  </reporter-output>
  <suite started-at="2019-02-05T08:53:53Z" name="Default suite" finished-at="2019-02-05T08:54:03Z" duration-ms="9771">
    <groups>
    </groups>
    <test started-at="2019-02-05T08:53:53Z" name="Default test" finished-at="2019-02-05T08:54:03Z" duration-ms="9771">
      <class name="com.mes.test.smoke.TestSample">
        <test-method is-config="true" signature="beforeMethod()[pri:0, instance:com.mes.test.smoke.TestSample@53aac487]" started-at="2019-02-05T08:53:53Z" name="beforeMethod" finished-at="2019-02-05T08:54:01Z" duration-ms="7571" status="PASS">
          <reporter-output>
          </reporter-output>
        </test-method> <!-- beforeMethod -->
        <test-method signature="test_sample()[pri:0, instance:com.mes.test.smoke.TestSample@53aac487]" started-at="2019-02-05T08:54:01Z" name="test_sample" finished-at="2019-02-05T08:54:01Z" duration-ms="27" status="PASS">
          <reporter-output>
          </reporter-output>
        </test-method> <!-- test_sample -->
        <test-method is-config="true" signature="afterMethod()[pri:0, instance:com.mes.test.smoke.TestSample@53aac487]" started-at="2019-02-05T08:54:01Z" name="afterMethod" finished-at="2019-02-05T08:54:03Z" duration-ms="2141" status="PASS">
          <reporter-output>
          </reporter-output>
        </test-method> <!-- afterMethod -->
      </class> <!-- com.mes.test.smoke.TestSample -->
    </test> <!-- Default test -->
  </suite> <!-- Default suite -->
</testng-results>
